2024-09-09 18:11:17: logged on
2024-09-09 18:11:23: Opened new questions page
2024-09-09 18:11:23: Questions id are: 2476, 8581, 1269, 3120, 2064
2024-09-09 18:17:39: logged on
2024-09-09 18:17:48: logged on
2024-09-09 18:18:04: logged on
2024-09-09 18:19:18: logged on
2024-09-09 18:20:00: logged on
2024-09-09 18:23:34: logged on
2024-09-09 18:23:58: logged on
2024-09-09 18:24:34: logged on
2024-09-09 18:25:53: logged on
2024-09-09 18:26:35: logged on
2024-09-09 18:27:38: logged on
2024-09-09 18:27:45: logged on
2024-09-09 18:28:01: logged on
2024-09-09 18:28:07: logged on
2024-09-09 18:28:09: Opened new questions page
2024-09-09 18:28:09: Questions id are: 10423, 2753, 940, 3018, 928
2024-09-09 18:29:04: logged on
2024-09-09 18:30:15: logged on
2024-09-09 18:30:33: logged on
2024-09-09 18:31:02: logged on
2024-09-09 18:32:29: logged on
2024-09-09 18:32:32: try to accsess id that is not exsist, id: -11
2024-09-09 18:32:56: logged on
2024-09-09 18:33:00: Opened new questions page
2024-09-09 18:33:01: Questions id are: 9856, 1061, 3457, 1125, 9185
2024-09-09 18:33:35: logged on
2024-09-09 18:34:43: logged on
2024-09-09 18:34:46: Opened new questions page
2024-09-09 18:34:46: Questions id are: 3367, 1138, 10780, 9281, 7019
2024-09-09 18:35:08: logged on
2024-09-09 18:35:10: Opened new questions page
2024-09-09 18:35:11: Questions id are: 3459, 6734, 10423, 3824, 3531
2024-09-09 18:35:36: logged on
2024-09-09 18:35:40: logged on
2024-09-09 18:35:42: Opened new questions page
2024-09-09 18:35:42: Questions id are: 6384, 3524, 3152, 10330, 5011
2024-09-09 18:36:25: logged on
2024-09-09 18:36:50: logged on
2024-09-09 18:37:23: logged on
2024-09-09 18:37:49: logged on
2024-09-09 18:38:06: logged on
2024-09-09 18:38:11: logged on
2024-09-09 18:38:13: Opened new questions page
2024-09-09 18:38:13: Questions id are: 3438, 4843, 5238, 691, 9161
2024-09-09 18:38:30: logged on
2024-09-09 18:38:35: logged on
2024-09-09 18:42:07: logged on
2024-09-09 18:42:15: logged on
2024-09-09 18:42:18: Opened new questions page
2024-09-09 18:42:18: Questions id are: 5024, 3505, 3499, 9162, 7165
2024-09-09 18:43:06: logged on
2024-09-09 18:43:09: Opened new questions page
2024-09-09 18:43:10: Questions id are: 3242, 10431
2024-09-09 18:43:30: logged on
2024-09-09 18:47:26: logged on
2024-09-09 18:47:29: Opened new questions page
2024-09-09 18:47:29: Questions id are: 10310, 722
2024-09-09 18:47:38: logged on
2024-09-09 18:47:40: Opened new questions page
2024-09-09 18:47:40: Questions id are: 10300, 808, 10349, 10301, 727
2024-09-09 18:50:16: logged on
2024-09-09 18:50:21: Opened new questions page
2024-09-09 18:50:21: Questions id are: 3277, 813, 10300, 4463, 10344
2024-09-09 18:50:30: logged on
2024-09-09 18:50:33: Opened new questions page
2024-09-09 18:50:33: Questions id are: 1668
2024-09-09 18:50:37: logged on
2024-09-09 18:50:38: try to accsess id that is not exsist, id: 1
2024-09-09 18:50:42: logged on
2024-09-09 18:50:49: logged on
